app/build/intermediates/manifest_merge_blame_file/debug/manifest-merger-blame-debug-report.txt
1<?xml version="1.0" encoding="utf-8"?>
2<manifest xmlns:android="http://schemas.android.com/apk/res/android"
3    package="com.assignment.pedalpalsassignment"
4    android:versionCode="1"
5    android:versionName="1.0" >
6
7    <uses-sdk
8        android:minSdkVersion="19"
8-->src\main\AndroidManifest.xml
9        android:targetSdkVersion="27" />
9-->src\main\AndroidManifest.xml
10
11    <uses-permission android:name="android.permission.INTERNET" />
11-->src\main\AndroidManifest.xml:5:5-67
11-->src\main\AndroidManifest.xml:5:22-64
12    <uses-permission android:name="android.permission.READ_EXTERNAL_STORAGE" />
12-->src\main\AndroidManifest.xml:6:5-80
12-->src\main\AndroidManifest.xml:6:22-77
13    <uses-permission android:name="android.permission.WRITE_EXTERNAL_STORAGE" />
13-->src\main\AndroidManifest.xml:7:5-81
13-->src\main\AndroidManifest.xml:7:22-78
14    <uses-permission android:name="android.permission.ACCESS_NETWORK_STATE" />
14-->[com.google.firebase:firebase-measurement-connector-impl:16.0.0] AndroidManifest.xml:23:5-79
14-->[com.google.firebase:firebase-measurement-connector-impl:16.0.0] AndroidManifest.xml:23:22-76
15    <uses-permission android:name="android.permission.WAKE_LOCK" />
15-->[com.google.firebase:firebase-measurement-connector-impl:16.0.0] AndroidManifest.xml:24:5-68
15-->[com.google.firebase:firebase-measurement-connector-impl:16.0.0] AndroidManifest.xml:24:22-65
16    <uses-permission android:name="com.google.android.finsky.permission.BIND_GET_INSTALL_REFERRER_SERVICE" /> <!-- Required by older versions of Google Play services to create IID tokens -->
16-->[com.google.firebase:firebase-analytics:16.0.0] AndroidManifest.xml:26:5-110
16-->[com.google.firebase:firebase-analytics:16.0.0] AndroidManifest.xml:26:22-107
17    <uses-permission android:name="com.google.android.c2dm.permission.RECEIVE" />
17-->[com.google.firebase:firebase-iid:16.0.0] AndroidManifest.xml:26:5-82
17-->[com.google.firebase:firebase-iid:16.0.0] AndroidManifest.xml:26:22-79
18
19    <permission
19-->[com.google.firebase:firebase-iid:16.0.0] AndroidManifest.xml:28:5-30:47
20        android:name="com.assignment.pedalpalsassignment.permission.C2D_MESSAGE"
20-->[com.google.firebase:firebase-iid:16.0.0] AndroidManifest.xml:29:9-63
21        android:protectionLevel="signature" />
21-->[com.google.firebase:firebase-iid:16.0.0] AndroidManifest.xml:30:9-44
22
23    <uses-permission android:name="com.assignment.pedalpalsassignment.permission.C2D_MESSAGE" />
23-->[com.google.firebase:firebase-iid:16.0.0] AndroidManifest.xml:32:5-79
23-->[com.google.firebase:firebase-iid:16.0.0] AndroidManifest.xml:32:22-76
24
25    <application
25-->src\main\AndroidManifest.xml:9:5-66:19
26        android:name="android.support.multidex.MultiDexApplication"
27        android:allowBackup="true"
27-->src\main\AndroidManifest.xml:10:9-35
28        android:debuggable="true"
29        android:icon="@mipmap/ic_launcher"
29-->src\main\AndroidManifest.xml:11:9-43
30        android:label="@string/app_name"
30-->src\main\AndroidManifest.xml:12:9-41
31        android:roundIcon="@mipmap/ic_launcher"
31-->src\main\AndroidManifest.xml:13:9-48
32        android:supportsRtl="true"
32-->src\main\AndroidManifest.xml:14:9-35
33        android:testOnly="true"
34        android:theme="@style/AppTheme" >
34-->src\main\AndroidManifest.xml:15:9-40
35        <meta-data
35-->src\main\AndroidManifest.xml:16:9-18:57
36            android:name="preloaded_fonts"
36-->src\main\AndroidManifest.xml:17:13-43
37            android:resource="@array/preloaded_fonts" />
37-->src\main\AndroidManifest.xml:18:13-54
38
39        <activity
39-->src\main\AndroidManifest.xml:20:9-27:20
40            android:name="com.assignment.pedalpalsassignment.MainActivity"
40-->src\main\AndroidManifest.xml:20:19-47
41            android:screenOrientation="portrait" >
41-->src\main\AndroidManifest.xml:21:13-49
42            <intent-filter>
42-->src\main\AndroidManifest.xml:22:13-26:29
43                <action android:name="android.intent.action.MAIN" />
43-->src\main\AndroidManifest.xml:23:17-69
43-->src\main\AndroidManifest.xml:23:25-66
44
45                <category android:name="android.intent.category.LAUNCHER" />
45-->src\main\AndroidManifest.xml:25:17-77
45-->src\main\AndroidManifest.xml:25:27-74
46            </intent-filter>
47        </activity>
48        <activity
48-->src\main\AndroidManifest.xml:28:9-29:51
49            android:name="com.assignment.pedalpalsassignment.LoginActivity"
49-->src\main\AndroidManifest.xml:28:19-48
50            android:screenOrientation="portrait" />
50-->src\main\AndroidManifest.xml:29:13-49
51        <activity
51-->src\main\AndroidManifest.xml:30:9-31:51
52            android:name="com.assignment.pedalpalsassignment.RegisterActivity"
52-->src\main\AndroidManifest.xml:30:19-51
53            android:screenOrientation="portrait" />
53-->src\main\AndroidManifest.xml:31:13-49
54        <activity
54-->src\main\AndroidManifest.xml:32:9-33:51
55            android:name="com.assignment.pedalpalsassignment.Settings"
55-->src\main\AndroidManifest.xml:32:19-43
56            android:screenOrientation="portrait" />
56-->src\main\AndroidManifest.xml:33:13-49
57        <activity
57-->src\main\AndroidManifest.xml:34:9-36:59
58            android:name="com.theartofdev.edmodo.cropper.CropImageActivity"
58-->src\main\AndroidManifest.xml:35:13-76
59            android:theme="@style/Base.Theme.AppCompat" />
59-->src\main\AndroidManifest.xml:36:13-56
60        <activity
60-->src\main\AndroidManifest.xml:37:9-43:20
61            android:name="com.assignment.pedalpalsassignment.NewEvent"
61-->src\main\AndroidManifest.xml:38:13-37
62            android:launchMode="singleTop"
62-->src\main\AndroidManifest.xml:40:13-43
63            android:screenOrientation="portrait" >
63-->src\main\AndroidManifest.xml:39:13-49
64            <meta-data
64-->src\main\AndroidManifest.xml:41:13-42:48
65                android:name="android.support.PARENT_ACTIVITY"
65-->src\main\AndroidManifest.xml:41:24-70
66                android:value=".MainActivity" />
66-->src\main\AndroidManifest.xml:42:17-46
67        </activity>
68        <activity
68-->src\main\AndroidManifest.xml:45:9-51:20
69            android:name="com.assignment.pedalpalsassignment.CommentsActivity"
69-->src\main\AndroidManifest.xml:46:13-45
70            android:launchMode="singleTop"
70-->src\main\AndroidManifest.xml:48:13-43
71            android:screenOrientation="portrait" >
71-->src\main\AndroidManifest.xml:47:13-49
72            <meta-data
72-->src\main\AndroidManifest.xml:41:13-42:48
73                android:name="android.support.PARENT_ACTIVITY"
73-->src\main\AndroidManifest.xml:41:24-70
74                android:value=".MainActivity" />
74-->src\main\AndroidManifest.xml:42:17-46
75        </activity>
76        <activity
76-->src\main\AndroidManifest.xml:52:9-63:20
77            android:name="com.assignment.pedalpalsassignment.SearchableActivity"
77-->src\main\AndroidManifest.xml:53:13-47
78            android:launchMode="singleTop"
78-->src\main\AndroidManifest.xml:55:13-43
79            android:screenOrientation="portrait" >
79-->src\main\AndroidManifest.xml:54:13-49
80            <intent-filter>
80-->src\main\AndroidManifest.xml:56:13-58:29
81                <action android:name="android.intent.action.SEARCH" />
81-->src\main\AndroidManifest.xml:57:17-71
81-->src\main\AndroidManifest.xml:57:25-68
82            </intent-filter>
83
84            <meta-data
84-->src\main\AndroidManifest.xml:60:13-62:54
85                android:name="android.app.searchable"
85-->src\main\AndroidManifest.xml:61:17-54
86                android:resource="@xml/searchable" />
86-->src\main\AndroidManifest.xml:62:17-51
87        </activity>
88        <activity
88-->src\main\AndroidManifest.xml:64:9-65:61
89            android:name="com.assignment.pedalpalsassignment.PostDetailsActivity"
89-->src\main\AndroidManifest.xml:64:19-54
90            android:screenOrientation="portrait" />
90-->src\main\AndroidManifest.xml:65:13-49
91        <activity
91-->[com.google.firebase:firebase-auth:16.0.1] AndroidManifest.xml:23:9-29:75
92            android:name="com.google.firebase.auth.internal.FederatedSignInActivity"
92-->[com.google.firebase:firebase-auth:16.0.1] AndroidManifest.xml:24:13-85
93            android:excludeFromRecents="true"
93-->[com.google.firebase:firebase-auth:16.0.1] AndroidManifest.xml:25:13-46
94            android:exported="true"
94-->[com.google.firebase:firebase-auth:16.0.1] AndroidManifest.xml:26:13-36
95            android:launchMode="singleInstance"
95-->[com.google.firebase:firebase-auth:16.0.1] AndroidManifest.xml:27:13-48
96            android:permission="com.google.firebase.auth.api.gms.permission.LAUNCH_FEDERATED_SIGN_IN"
96-->[com.google.firebase:firebase-auth:16.0.1] AndroidManifest.xml:28:13-102
97            android:theme="@android:style/Theme.Translucent.NoTitleBar" />
97-->[com.google.firebase:firebase-auth:16.0.1] AndroidManifest.xml:29:13-72
98
99        <service android:name="com.google.firebase.components.ComponentDiscoveryService" >
99-->[com.google.firebase:firebase-auth:16.0.1] AndroidManifest.xml:31:9-35:19
99-->[com.google.firebase:firebase-auth:16.0.1] AndroidManifest.xml:31:18-89
100            <meta-data
100-->[com.google.firebase:firebase-auth:16.0.1] AndroidManifest.xml:32:13-34:85
101                android:name="com.google.firebase.components:com.google.firebase.auth.FirebaseAuthRegistrar"
101-->[com.google.firebase:firebase-auth:16.0.1] AndroidManifest.xml:33:17-109
102                android:value="com.google.firebase.components.ComponentRegistrar" />
102-->[com.google.firebase:firebase-auth:16.0.1] AndroidManifest.xml:34:17-82
103            <meta-data
103-->[com.google.firebase:firebase-measurement-connector-impl:16.0.0] AndroidManifest.xml:28:13-30:85
104                android:name="com.google.firebase.components:com.google.firebase.analytics.connector.internal.AnalyticsConnectorRegistrar"
104-->[com.google.firebase:firebase-measurement-connector-impl:16.0.0] AndroidManifest.xml:29:17-139
105                android:value="com.google.firebase.components.ComponentRegistrar" />
105-->[com.google.firebase:firebase-measurement-connector-impl:16.0.0] AndroidManifest.xml:30:17-82
106            <meta-data
106-->[com.google.firebase:firebase-iid:16.0.0] AndroidManifest.xml:36:13-38:85
107                android:name="com.google.firebase.components:com.google.firebase.iid.Registrar"
107-->[com.google.firebase:firebase-iid:16.0.0] AndroidManifest.xml:37:17-96
108                android:value="com.google.firebase.components.ComponentRegistrar" />
108-->[com.google.firebase:firebase-iid:16.0.0] AndroidManifest.xml:38:17-82
109        </service>
110
111        <receiver
111-->[com.google.firebase:firebase-analytics:16.0.0] AndroidManifest.xml:29:9-33:20
112            android:name="com.google.android.gms.measurement.AppMeasurementReceiver"
112-->[com.google.firebase:firebase-analytics:16.0.0] AndroidManifest.xml:30:13-85
113            android:enabled="true"
113-->[com.google.firebase:firebase-analytics:16.0.0] AndroidManifest.xml:31:13-35
114            android:exported="false" >
114-->[com.google.firebase:firebase-analytics:16.0.0] AndroidManifest.xml:32:13-37
115        </receiver>
116        <receiver
116-->[com.google.firebase:firebase-analytics:16.0.0] AndroidManifest.xml:34:9-42:20
117            android:name="com.google.android.gms.measurement.AppMeasurementInstallReferrerReceiver"
117-->[com.google.firebase:firebase-analytics:16.0.0] AndroidManifest.xml:35:13-100
118            android:enabled="true"
118-->[com.google.firebase:firebase-analytics:16.0.0] AndroidManifest.xml:36:13-35
119            android:exported="true"
119-->[com.google.firebase:firebase-analytics:16.0.0] AndroidManifest.xml:37:13-36
120            android:permission="android.permission.INSTALL_PACKAGES" >
120-->[com.google.firebase:firebase-analytics:16.0.0] AndroidManifest.xml:38:13-69
121            <intent-filter>
121-->[com.google.firebase:firebase-analytics:16.0.0] AndroidManifest.xml:39:13-41:29
122                <action android:name="com.android.vending.INSTALL_REFERRER" />
122-->[com.google.firebase:firebase-analytics:16.0.0] AndroidManifest.xml:40:17-79
122-->[com.google.firebase:firebase-analytics:16.0.0] AndroidManifest.xml:40:25-76
123            </intent-filter>
124        </receiver>
125
126        <service
126-->[com.google.firebase:firebase-analytics:16.0.0] AndroidManifest.xml:44:9-47:40
127            android:name="com.google.android.gms.measurement.AppMeasurementService"
127-->[com.google.firebase:firebase-analytics:16.0.0] AndroidManifest.xml:45:13-84
128            android:enabled="true"
128-->[com.google.firebase:firebase-analytics:16.0.0] AndroidManifest.xml:46:13-35
129            android:exported="false" />
129-->[com.google.firebase:firebase-analytics:16.0.0] AndroidManifest.xml:47:13-37
130        <service
130-->[com.google.firebase:firebase-analytics:16.0.0] AndroidManifest.xml:48:9-52:72
131            android:name="com.google.android.gms.measurement.AppMeasurementJobService"
131-->[com.google.firebase:firebase-analytics:16.0.0] AndroidManifest.xml:49:13-87
132            android:enabled="true"
132-->[com.google.firebase:firebase-analytics:16.0.0] AndroidManifest.xml:50:13-35
133            android:exported="false"
133-->[com.google.firebase:firebase-analytics:16.0.0] AndroidManifest.xml:51:13-37
134            android:permission="android.permission.BIND_JOB_SERVICE" />
134-->[com.google.firebase:firebase-analytics:16.0.0] AndroidManifest.xml:52:13-69
135
136        <receiver
136-->[com.google.firebase:firebase-iid:16.0.0] AndroidManifest.xml:41:9-50:20
137            android:name="com.google.firebase.iid.FirebaseInstanceIdReceiver"
137-->[com.google.firebase:firebase-iid:16.0.0] AndroidManifest.xml:42:13-78
138            android:exported="true"
138-->[com.google.firebase:firebase-iid:16.0.0] AndroidManifest.xml:43:13-36
139            android:permission="com.google.android.c2dm.permission.SEND" >
139-->[com.google.firebase:firebase-iid:16.0.0] AndroidManifest.xml:44:13-73
140            <intent-filter>
140-->[com.google.firebase:firebase-iid:16.0.0] AndroidManifest.xml:45:13-49:29
141                <action android:name="com.google.android.c2dm.intent.RECEIVE" />
141-->[com.google.firebase:firebase-iid:16.0.0] AndroidManifest.xml:46:17-81
141-->[com.google.firebase:firebase-iid:16.0.0] AndroidManifest.xml:46:25-78
142
143                <category android:name="com.assignment.pedalpalsassignment" />
143-->[com.google.firebase:firebase-iid:16.0.0] AndroidManifest.xml:48:17-61
143-->[com.google.firebase:firebase-iid:16.0.0] AndroidManifest.xml:48:27-58
144            </intent-filter>
145        </receiver>
146        <!--
147             FirebaseInstanceIdService performs security checks at runtime,
148             no need for explicit permissions despite exported="true"
149        -->
150        <service
150-->[com.google.firebase:firebase-iid:16.0.0] AndroidManifest.xml:56:9-62:19
151            android:name="com.google.firebase.iid.FirebaseInstanceIdService"
151-->[com.google.firebase:firebase-iid:16.0.0] AndroidManifest.xml:57:13-77
152            android:exported="true" >
152-->[com.google.firebase:firebase-iid:16.0.0] AndroidManifest.xml:58:13-36
153            <intent-filter android:priority="-500" >
153-->[com.google.firebase:firebase-iid:16.0.0] AndroidManifest.xml:59:13-61:29
153-->[com.google.firebase:firebase-iid:16.0.0] AndroidManifest.xml:59:28-51
154                <action android:name="com.google.firebase.INSTANCE_ID_EVENT" />
154-->[com.google.firebase:firebase-iid:16.0.0] AndroidManifest.xml:60:17-80
154-->[com.google.firebase:firebase-iid:16.0.0] AndroidManifest.xml:60:25-77
155            </intent-filter>
156        </service>
157
158        <activity
158-->[com.google.android.gms:play-services-base:15.0.1] AndroidManifest.xml:23:9-26:75
159            android:name="com.google.android.gms.common.api.GoogleApiActivity"
159-->[com.google.android.gms:play-services-base:15.0.1] AndroidManifest.xml:24:13-79
160            android:exported="false"
160-->[com.google.android.gms:play-services-base:15.0.1] AndroidManifest.xml:25:13-37
161            android:theme="@android:style/Theme.Translucent.NoTitleBar" />
161-->[com.google.android.gms:play-services-base:15.0.1] AndroidManifest.xml:26:13-72
162
163        <provider
163-->[com.google.firebase:firebase-common:16.0.0] AndroidManifest.xml:9:9-13:39
164            android:name="com.google.firebase.provider.FirebaseInitProvider"
164-->[com.google.firebase:firebase-common:16.0.0] AndroidManifest.xml:10:13-77
165            android:authorities="com.assignment.pedalpalsassignment.firebaseinitprovider"
165-->[com.google.firebase:firebase-common:16.0.0] AndroidManifest.xml:11:13-72
166            android:exported="false"
166-->[com.google.firebase:firebase-common:16.0.0] AndroidManifest.xml:12:13-37
167            android:initOrder="100" />
167-->[com.google.firebase:firebase-common:16.0.0] AndroidManifest.xml:13:13-36
168
169        <meta-data
169-->[com.google.android.gms:play-services-basement:15.0.1] AndroidManifest.xml:23:9-25:69
170            android:name="com.google.android.gms.version"
170-->[com.google.android.gms:play-services-basement:15.0.1] AndroidManifest.xml:24:13-58
171            android:value="@integer/google_play_services_version" />
171-->[com.google.android.gms:play-services-basement:15.0.1] AndroidManifest.xml:25:13-66
172    </application>
173
174</manifest>